app/build/intermediates/manifest_merge_blame_file/debug/manifest-merger-blame-debug-report.txt
1<?xml version="1.0" encoding="utf-8"?>
2<manifest xmlns:android="http://schemas.android.com/apk/res/android"
3    package="ru.mirea.zlotov.mireaproject"
4    android:versionCode="1"
5    android:versionName="1.0" >
6
7    <uses-sdk
8        android:minSdkVersion="21"
8-->src\main\AndroidManifest.xml
9        android:targetSdkVersion="30" />
9-->src\main\AndroidManifest.xml
10
11    <uses-permission android:name="android.permission.INTERNET" />
11-->src\main\AndroidManifest.xml:5:5-67
11-->src\main\AndroidManifest.xml:5:22-64
12    <uses-permission android:name="android.permission.CAMERA" />
12-->src\main\AndroidManifest.xml:6:5-65
12-->src\main\AndroidManifest.xml:6:22-62
13    <uses-permission android:name="android.permission.RECORD_AUDIO" />
13-->src\main\AndroidManifest.xml:7:5-71
13-->src\main\AndroidManifest.xml:7:22-68
14    <uses-permission android:name="android.permission.WRITE_EXTERNAL_STORAGE" />
14-->src\main\AndroidManifest.xml:8:5-81
14-->src\main\AndroidManifest.xml:8:22-78
15
16    <application
16-->src\main\AndroidManifest.xml:10:5-46:19
17        android:name="ru.mirea.zlotov.mireaproject.ui.histories.App"
17-->src\main\AndroidManifest.xml:16:9-69
18        android:allowBackup="true"
18-->src\main\AndroidManifest.xml:11:9-35
19        android:appComponentFactory="androidx.core.app.CoreComponentFactory"
19-->[androidx.core:core:1.3.1] AndroidManifest.xml:24:18-86
20        android:debuggable="true"
21        android:icon="@mipmap/ic_launcher"
21-->src\main\AndroidManifest.xml:12:9-43
22        android:label="@string/app_name"
22-->src\main\AndroidManifest.xml:13:9-41
23        android:roundIcon="@mipmap/ic_launcher_round"
23-->src\main\AndroidManifest.xml:14:9-54
24        android:supportsRtl="true"
24-->src\main\AndroidManifest.xml:15:9-35
25        android:testOnly="true"
26        android:theme="@style/Theme.MireaProject" >
26-->src\main\AndroidManifest.xml:17:9-50
27        <service
27-->src\main\AndroidManifest.xml:18:9-21:47
28            android:name="ru.mirea.zlotov.mireaproject.ui.tools.RecordPlayService"
28-->src\main\AndroidManifest.xml:19:13-83
29            android:enabled="true"
29-->src\main\AndroidManifest.xml:20:13-35
30            android:exported="true" />
30-->src\main\AndroidManifest.xml:21:13-36
31        <service
31-->src\main\AndroidManifest.xml:22:9-25:39
32            android:name="ru.mirea.zlotov.mireaproject.ui.player.AudioPlayerService"
32-->src\main\AndroidManifest.xml:23:13-85
33            android:enabled="true"
33-->src\main\AndroidManifest.xml:24:13-35
34            android:exported="true" />
34-->src\main\AndroidManifest.xml:25:13-36
35
36        <activity
36-->src\main\AndroidManifest.xml:27:9-36:20
37            android:name="ru.mirea.zlotov.mireaproject.MainActivity"
37-->src\main\AndroidManifest.xml:28:13-69
38            android:label="@string/app_name"
38-->src\main\AndroidManifest.xml:29:13-45
39            android:theme="@style/Theme.MireaProject.NoActionBar" >
39-->src\main\AndroidManifest.xml:30:13-66
40            <intent-filter>
40-->src\main\AndroidManifest.xml:31:13-35:29
41                <action android:name="android.intent.action.MAIN" />
41-->src\main\AndroidManifest.xml:32:17-69
41-->src\main\AndroidManifest.xml:32:25-66
42
43                <category android:name="android.intent.category.LAUNCHER" />
43-->src\main\AndroidManifest.xml:34:17-77
43-->src\main\AndroidManifest.xml:34:27-74
44            </intent-filter>
45        </activity>
46
47        <provider
47-->src\main\AndroidManifest.xml:37:9-45:20
48            android:name="androidx.core.content.FileProvider"
48-->src\main\AndroidManifest.xml:38:13-62
49            android:authorities="ru.mirea.zlotov.mireaproject.fileprovider"
49-->src\main\AndroidManifest.xml:39:13-76
50            android:exported="false"
50-->src\main\AndroidManifest.xml:40:13-37
51            android:grantUriPermissions="true" >
51-->src\main\AndroidManifest.xml:41:13-47
52            <meta-data
52-->src\main\AndroidManifest.xml:42:13-44:49
53                android:name="android.support.FILE_PROVIDER_PATHS"
53-->src\main\AndroidManifest.xml:43:17-67
54                android:resource="@xml/paths" />
54-->src\main\AndroidManifest.xml:44:17-46
55        </provider>
56
57        <service
57-->[androidx.room:room-runtime:2.3.0] AndroidManifest.xml:25:9-28:40
58            android:name="androidx.room.MultiInstanceInvalidationService"
58-->[androidx.room:room-runtime:2.3.0] AndroidManifest.xml:26:13-74
59            android:directBootAware="true"
59-->[androidx.room:room-runtime:2.3.0] AndroidManifest.xml:27:13-43
60            android:exported="false" />
60-->[androidx.room:room-runtime:2.3.0] AndroidManifest.xml:28:13-37
61    </application>
62
63</manifest>